2024-03-08 11:31:03 [main] [compare.Test] [INFO] -  ===> 测试PSOCO算法........
2024-03-08 11:31:04 [main] [compare.Test] [INFO] - psoco.getParetoFrontPos().size(): 3
2024-03-08 11:31:04 [main] [compare.Test] [INFO] - unload_arr:[38, -1, 14, -1, 25, -1, -1, -1, 32, -1, -1, -1, -1, -1, 0, 0, 1, 29, -1, -1, 8, -1, -1, 36, -1, 0, -1, 35, 48, -1, -1, 22, -1, -1, 10, 46, -1, -1, 0, -1, -1, 27, 0, -1, 18, 32, 16, 39, -1, 6, 35, -1, 23, -1, -1, -1, 21, -1, 12, -1, 4, -1, -1, 31, 19, 14, -1, 9, 0, 7, 1, 30, 21, 11, 0, 7, 39, 20, 43, 0, 41, 17, 15, -1, -1, 33, 42, 24, 6, 31, -1, 9, 45, -1, -1, -1, -1, -1, -1, 37]
2024-03-08 11:31:04 [main] [compare.Test] [INFO] - freq_arr:[300, 169, 104, 491, 694, 424, 269, 651, 321, 733, 365, 188, 690, 704, 786, 709, 156, 293, 706, 391, 292, 548, 749, 525, 746, 638, 630, 113, 456, 617, 524, 587, 655, 474, 195, 674, 217, 709, 458, 679, 516, 602, 304, 419, 515, 112, 554, 278, 657, 158, 375, 104, 509, 237, 327, 532, 291, 729, 376, 756, 362, 424, 230, 110, 393, 150, 245, 315, 697, 221, 456, 324, 445, 474, 176, 241, 135, 443, 619, 631, 256, 711, 390, 407, 700, 202, 304, 608, 563, 250, 371, 456, 107, 412, 499, 702, 300, 352, 382, 644]
2024-03-08 11:31:04 [main] [compare.Test] [INFO] - Freq Remain Arr : [178370, 601, 188, 590, 620, 188, 450, 59, 528, 388, 9, 785, 176, 304, 590, 456, 330, 276, 139, 245, 547, 467, 114, 73, 421, 252, 186, 700, 348, 680, 337, 206, 400, 337, 678, 570, 92, 395, 106, 560, 417, 620, 434, 556, 111, 680, 653, 276, 640, 194, 820, 580]
2024-03-08 11:48:27 [main] [compare.Test] [INFO] -  ===> 测试PSOCO算法........
2024-03-08 11:48:29 [main] [compare.Test] [INFO] - psoco.getParetoFrontPos().size(): 3
2024-03-08 11:48:29 [main] [compare.Test] [INFO] - unload_arr:[40, -1, 0, -1, -1, -1, -1, -1, -1, 24, 38, 14, -1, -1, -1, 0, -1, -1, 20, -1, 49, 29, -1, -1, -1, -1, -1, -1, -1, 3, -1, 10, -1, 23, 39, 28, -1, -1, 46, -1, -1, 39, 21, 33, -1, 0, -1, 26, -1, 0, -1, -1, 0, -1, -1, -1, -1, -1, -1, -1, -1, -1, -1, -1, 16, -1, 19, 25, 45, 1, 27, -1, -1, 0, 35, -1, 0, 43, -1, 18, -1, -1, 12, -1, -1, -1, -1, 42, -1, 36, -1, 0, 29, -1, -1, -1, 6, -1, 26, 0]
2024-03-08 11:48:29 [main] [compare.Test] [INFO] - freq_arr:[353, 800, 800, 800, 487, 800, 800, 800, 656, 639, 793, 100, 743, 607, 157, 100, 800, 800, 796, 701, 800, 526, 800, 560, 300, 184, 762, 533, 365, 100, 574, 408, 667, 584, 135, 486, 800, 722, 263, 800, 638, 428, 800, 800, 474, 617, 671, 388, 100, 800, 800, 800, 800, 687, 604, 800, 406, 399, 602, 409, 800, 399, 800, 800, 689, 747, 313, 800, 598, 625, 800, 448, 800, 800, 100, 782, 214, 532, 800, 394, 800, 800, 589, 584, 765, 723, 800, 769, 800, 800, 456, 100, 100, 217, 731, 692, 586, 262, 192, 468]
2024-03-08 11:48:29 [main] [compare.Test] [INFO] - Freq Remain Arr : [162586, 301, 175, 590, 520, 550, 450, 194, 990, 680, 780, 572, 650, 91, 590, 610, 720, 141, 850, 366, 627, 114, 50, 660, 346, 221, 80, 120, 150, 194, 4, 530, 760, 770, 80, 570, 480, 120, 750, 67, 267, 267, 690, 91, 198, 680, 162, 687, 640, 650, 20, 580]
2024-03-08 11:49:38 [main] [compare.Test] [INFO] -  ===> 测试PSOCO算法........
2024-03-08 11:49:39 [main] [compare.Test] [INFO] - psoco.getParetoFrontPos().size(): 4
2024-03-08 11:49:39 [main] [compare.Test] [INFO] - unload_arr:[-1, -1, 0, -1, 10, 0, -1, 43, 30, 35, 16, 0, -1, -1, 4, 46, 29, 45, -1, 0, 32, 28, 36, 23, 25, -1, 38, -1, 18, 6, -1, 23, 11, -1, -1, 0, 25, -1, 6, 17, 27, 44, -1, 20, -1, -1, -1, 0, -1, -1, 42, -1, 21, 7, -1, 46, 31, -1, -1, -1, 47, -1, 14, -1, 24, 39, -1, 1, 5, -1, -1, 34, -1, -1, 21, -1, -1, 32, -1, 33, 42, 31, -1, 0, -1, 30, 0, -1, 0, 31, -1, 22, 41, -1, 48, 21, -1, 0, 40, -1]
2024-03-08 11:49:39 [main] [compare.Test] [INFO] - freq_arr:[372, 196, 652, 716, 286, 630, 659, 548, 304, 170, 250, 322, 789, 587, 167, 309, 232, 399, 486, 776, 633, 329, 414, 162, 391, 585, 485, 645, 303, 109, 521, 460, 576, 248, 705, 616, 437, 599, 508, 452, 671, 671, 723, 597, 345, 726, 564, 372, 661, 733, 674, 487, 202, 596, 483, 194, 105, 609, 785, 423, 618, 375, 672, 673, 597, 751, 370, 501, 280, 762, 544, 348, 698, 338, 504, 673, 771, 124, 576, 427, 138, 106, 577, 121, 366, 215, 352, 749, 702, 450, 616, 301, 598, 167, 267, 120, 281, 402, 286, 465]
2024-03-08 11:49:39 [main] [compare.Test] [INFO] - Freq Remain Arr : [177352, 55, 299, 590, 620, 383, 170, 163, 394, 680, 780, 694, 74, 680, 590, 38, 720, 580, 398, 457, 940, 313, 24, 359, 308, 263, 52, 700, 279, 351, 398, 11, 99, 13, 453, 222, 410, 506, 750, 375, 79, 334, 92, 48, 182, 9, 361, 447, 22, 383, 820, 580]
2024-03-08 13:23:41 [main] [compare.Test] [INFO] -  ===> 测试PSOCO算法........
2024-03-08 13:23:42 [main] [compare.Test] [INFO] - psoco.getParetoFrontPos().size(): 3
2024-03-08 13:23:42 [main] [compare.Test] [INFO] - unload_arr:[-1, -1, 12, -1, -1, 43, 36, -1, 20, -1, 34, 7, 14, 42, 15, -1, 48, 9, -1, 0, 14, -1, -1, 17, -1, 20, 40, -1, -1, 37, 14, -1, 44, 20, -1, 37, -1, -1, 0, -1, -1, 28, -1, 10, -1, -1, 13, 47, -1, 46, 23, -1, 20, 21, -1, -1, 25, -1, 7, 18, -1, -1, 0, -1, -1, 42, -1, -1, 0, 37, -1, 0, -1, 1, 0, -1, -1, 3, 11, 35, 41, -1, 46, 10, -1, 0, 15, -1, 45, 45, -1, 8, 38, -1, 12, 38, -1, 0, 0, -1]
2024-03-08 13:23:42 [main] [compare.Test] [INFO] - freq_arr:[318, 660, 245, 405, 799, 326, 688, 379, 159, 778, 392, 492, 243, 122, 200, 182, 504, 729, 147, 755, 137, 100, 611, 566, 427, 245, 358, 477, 683, 216, 236, 355, 675, 153, 259, 253, 160, 388, 248, 322, 719, 155, 160, 510, 467, 463, 464, 395, 186, 275, 122, 199, 233, 348, 202, 540, 459, 383, 203, 565, 713, 328, 716, 417, 155, 599, 182, 690, 651, 150, 105, 611, 579, 462, 151, 212, 420, 385, 300, 536, 153, 387, 591, 119, 739, 469, 219, 719, 215, 484, 519, 217, 163, 413, 305, 357, 502, 258, 704, 272]
2024-03-08 13:23:42 [main] [compare.Test] [INFO] - Freq Remain Arr : [181879, 437, 338, 590, 235, 550, 450, 780, 295, 463, 51, 351, 350, 130, 126, 94, 301, 830, 284, 195, 940, 120, 502, 660, 808, 860, 421, 700, 950, 525, 630, 530, 760, 770, 880, 178, 44, 232, 131, 340, 830, 262, 537, 139, 404, 5, 61, 84, 245, 146, 820, 580]
2024-03-08 13:23:54 [main] [compare.Test] [INFO] -  ===> 测试PSOCO算法........
2024-03-08 13:23:55 [main] [compare.Test] [INFO] - psoco.getParetoFrontPos().size(): 2
2024-03-08 13:23:55 [main] [compare.Test] [INFO] - unload_arr:[37, 38, 41, 16, -1, 0, -1, -1, 12, 24, -1, 0, -1, -1, 17, -1, -1, 15, -1, 10, 18, -1, -1, 0, -1, -1, 6, -1, -1, 48, -1, -1, 32, -1, -1, 0, -1, -1, 19, -1, -1, 48, -1, 26, 33, -1, -1, 46, -1, -1, 35, -1, -1, 11, -1, 26, 26, -1, -1, -1, -1, -1, 34, -1, 7, 22, 9, 13, 0, 32, -1, 37, -1, 0, 0, 1, 19, 42, -1, 43, 44, -1, 33, 23, 25, 5, 45, -1, 31, 0, -1, -1, 0, -1, 1, 39, -1, 0, 0, -1]
2024-03-08 13:23:55 [main] [compare.Test] [INFO] - freq_arr:[206, 516, 385, 449, 395, 267, 693, 519, 367, 676, 186, 206, 671, 354, 306, 609, 537, 135, 627, 576, 585, 584, 467, 515, 629, 295, 674, 166, 629, 230, 339, 493, 259, 445, 695, 238, 215, 758, 432, 788, 732, 112, 298, 114, 453, 569, 524, 619, 200, 201, 530, 452, 796, 420, 552, 144, 198, 796, 657, 395, 766, 619, 277, 497, 457, 548, 724, 499, 450, 499, 531, 507, 190, 429, 777, 235, 475, 156, 428, 580, 250, 668, 272, 562, 754, 277, 361, 471, 568, 656, 454, 386, 113, 728, 266, 713, 562, 429, 612, 178]
2024-03-08 13:23:55 [main] [compare.Test] [INFO] - Freq Remain Arr : [176256, 308, 299, 590, 620, 550, 173, 106, 533, 680, 56, 404, 230, 313, 91, 710, 585, 381, 544, 175, 33, 910, 850, 112, 368, 184, 126, 244, 950, 680, 630, 530, 192, 12, 155, 293, 50, 920, 37, 344, 117, 620, 305, 704, 150, 430, 399, 331, 640, 308, 820, 580]
2024-03-08 13:30:38 [main] [compare.Test] [INFO] -  ===> 测试PSOCO算法........
2024-03-08 13:30:38 [main] [compare.Test] [INFO] - psoco.getParetoFrontPos().size(): 1
2024-03-08 13:30:38 [main] [compare.Test] [INFO] - unload_arr:[9, -1, 18, -1, -1, 15, -1, -1, 33, -1, -1, 0, -1, -1, 10, -1, 21, 22, -1, -1, 45, -1, -1, 7, 42, -1, 0, -1, -1, 14, 27, 20, 44, 35, 8, 0, -1, -1, 32, -1, -1, 24, 19, 43, 39, -1, 28, 38, 25, -1, 0, -1, -1, 40, 37, 12, 0, 25, 11, -1, 27, -1, 23, -1, -1, -1, -1, 3, 37, -1, 26, 2, 38, -1, 0, 29, -1, 0, 6, 36, 30, -1, 8, 33, -1, 4, 1, -1, -1, 0, -1, 32, 1, -1, -1, 41, 42, 2, 12, 6]
2024-03-08 13:30:38 [main] [compare.Test] [INFO] - freq_arr:[461, 414, 336, 756, 679, 377, 260, 116, 347, 464, 414, 178, 233, 685, 191, 499, 263, 463, 315, 189, 426, 566, 756, 745, 685, 631, 618, 446, 223, 322, 341, 260, 595, 262, 280, 603, 519, 316, 206, 512, 174, 440, 773, 275, 628, 279, 313, 174, 179, 636, 599, 577, 534, 187, 230, 254, 786, 373, 485, 234, 536, 624, 205, 292, 615, 375, 341, 271, 348, 506, 324, 336, 121, 379, 608, 471, 488, 592, 536, 292, 274, 634, 271, 218, 335, 162, 157, 149, 699, 768, 646, 206, 567, 176, 348, 378, 101, 229, 251, 127]
2024-03-08 13:30:38 [main] [compare.Test] [INFO] - Freq Remain Arr : [181966, 248, 76, 25, 349, 388, 450, 117, 245, 129, 319, 789, 165, 175, 590, 388, 343, 830, 850, 424, 167, 650, 587, 197, 725, 420, 328, 376, 73, 367, 159, 256, 760, 358, 315, 570, 318, 628, 172, 565, 202, 433, 312, 74, 455, 85, 334, 950, 640, 650, 820, 580]
2024-03-08 13:30:48 [main] [compare.Test] [INFO] -  ===> 测试PSOCO算法........
2024-03-08 13:30:49 [main] [compare.Test] [INFO] - psoco.getParetoFrontPos().size(): 4
2024-03-08 13:30:49 [main] [compare.Test] [INFO] - unload_arr:[-1, -1, 27, 35, -1, 22, -1, -1, 17, 15, 27, 42, 19, 39, 0, -1, -1, 27, -1, 3, 0, -1, -1, 4, -1, -1, 0, -1, -1, 37, 33, 43, 9, -1, -1, 20, 21, -1, 41, -1, -1, 6, -1, -1, 37, -1, -1, 5, 4, -1, 12, -1, -1, 2, -1, 0, 0, -1, 0, 25, 10, 36, 34, 31, -1, 47, -1, 29, 23, -1, 8, 45, -1, 20, 23, -1, 38, 7, -1, 0, 26, 19, -1, 19, -1, 0, 24, -1, 0, 46, -1, 6, 11, -1, 32, 28, -1, 0, 7, -1]
2024-03-08 13:30:49 [main] [compare.Test] [INFO] - freq_arr:[799, 357, 126, 440, 776, 502, 571, 141, 711, 556, 184, 302, 226, 107, 108, 198, 658, 355, 638, 480, 658, 364, 772, 279, 498, 720, 358, 493, 733, 218, 268, 283, 481, 668, 262, 450, 555, 526, 478, 731, 604, 138, 615, 463, 415, 718, 642, 173, 128, 234, 597, 238, 398, 530, 514, 464, 782, 151, 142, 241, 171, 513, 190, 316, 340, 569, 563, 238, 350, 621, 122, 227, 367, 228, 442, 110, 531, 365, 591, 585, 144, 370, 100, 146, 307, 550, 667, 644, 572, 266, 640, 105, 453, 284, 140, 480, 542, 608, 364, 559]
2024-03-08 13:30:49 [main] [compare.Test] [INFO] - Freq Remain Arr : [179850, 173, 800, 60, 140, 143, 277, 537, 261, 558, 299, 809, 197, 83, 590, 710, 164, 830, 139, 760, 198, 232, 295, 158, 138, 193, 639, 556, 285, 200, 392, 530, 444, 630, 612, 380, 140, 407, 117, 329, 723, 620, 212, 558, 447, 680, 533, 684, 71, 650, 820, 580]
2024-03-08 14:24:32 [main] [compare.Test] [INFO] -  ===> 测试PSOCO算法........
2024-03-08 14:24:33 [main] [compare.Test] [INFO] - psoco.getParetoFrontPos().size(): 4
2024-03-08 14:24:33 [main] [compare.Test] [INFO] - unload_arr:[-1, -1, 0, -1, 25, 28, -1, -1, 0, 23, 42, 10, -1, 1, 27, 46, 18, 0, -1, 9, 0, 27, 26, 24, -1, -1, 10, 6, -1, 14, -1, 43, 13, 29, 42, -1, 40, -1, 37, 22, 27, 19, -1, -1, 28, -1, 33, 31, 48, 7, 0, 23, -1, 2, 15, 25, 0, -1, 20, 34, -1, 38, 36, -1, 41, -1, -1, -1, 32, -1, -1, 0, 41, 7, 11, -1, 34, 21, 4, 48, 43, -1, -1, 44, 47, 19, 13, 39, -1, 0, -1, -1, 16, 38, 24, -1, -1, 45, 21, -1]
2024-03-08 14:24:33 [main] [compare.Test] [INFO] - freq_arr:[311, 539, 527, 560, 147, 160, 398, 299, 690, 153, 229, 374, 737, 672, 287, 746, 632, 397, 178, 500, 241, 324, 594, 214, 373, 597, 309, 347, 319, 542, 645, 198, 248, 143, 283, 591, 413, 515, 350, 127, 311, 225, 544, 758, 256, 412, 643, 635, 113, 144, 746, 475, 436, 583, 602, 699, 770, 791, 465, 197, 355, 229, 343, 555, 199, 611, 775, 712, 549, 447, 590, 586, 431, 136, 407, 718, 290, 455, 315, 392, 397, 393, 482, 175, 259, 285, 159, 127, 792, 789, 310, 335, 499, 160, 426, 617, 711, 672, 379, 445]
2024-03-08 14:24:33 [main] [compare.Test] [INFO] - Freq Remain Arr : [182149, 254, 128, 7, 620, 235, 450, 433, 710, 680, 280, 297, 243, 680, 183, 168, 118, 331, 850, 128, 430, 445, 16, 533, 302, 220, 34, 106, 28, 264, 487, 530, 125, 221, 237, 83, 580, 577, 400, 471, 703, 207, 60, 348, 135, 505, 88, 204, 381, 145, 820, 580]
2024-03-08 20:40:29 [main] [compare.Test] [INFO] -  ===> 测试PSOCO算法........
2024-03-08 20:40:29 [main] [compare.Test] [INFO] - psoco.getParetoFrontPos().size(): 3
2024-03-08 20:40:29 [main] [compare.Test] [INFO] - unload_arr:[10, -1, 0, -1, -1, 27, -1, 7, 43, 15, -1, 1, -1, 20, 1, -1, 41, 14, -1, 29, 36, -1, 12, 0, -1, 46, 24, -1, -1, 0, -1, 33, 6, -1, -1, 0, -1, -1, 21, -1, -1, 0, -1, 7, 23, -1, 26, 16, 37, -1, 6, 17, -1, 22, 18, 3, 30, 46, -1, -1, -1, -1, 0, -1, -1, 19, -1, -1, 26, 17, 20, 13, 43, -1, 0, 41, 34, 0, -1, 0, 10, -1, -1, 39, -1, 47, 13, -1, 44, 25, -1, 45, 31, -1, 8, 16, -1, 32, 0, 46]
2024-03-08 20:40:29 [main] [compare.Test] [INFO] - freq_arr:[672, 562, 776, 191, 407, 297, 237, 159, 104, 250, 671, 253, 650, 466, 371, 659, 276, 449, 547, 500, 610, 566, 180, 332, 216, 125, 235, 793, 473, 181, 799, 554, 345, 226, 570, 227, 695, 295, 473, 673, 280, 462, 537, 258, 600, 158, 188, 525, 321, 461, 203, 300, 652, 629, 387, 318, 306, 394, 312, 494, 698, 695, 664, 694, 744, 385, 669, 464, 488, 462, 322, 162, 626, 786, 786, 336, 370, 118, 512, 412, 302, 536, 711, 534, 764, 483, 252, 599, 344, 587, 626, 358, 401, 218, 313, 205, 575, 511, 629, 230]
2024-03-08 20:40:29 [main] [compare.Test] [INFO] - Freq Remain Arr : [178585, 413, 176, 590, 302, 550, 450, 232, 573, 367, 780, 6, 650, 500, 176, 261, 470, 100, 88, 373, 555, 122, 377, 31, 330, 625, 293, 24, 653, 680, 130, 224, 359, 259, 326, 200, 580, 310, 429, 860, 296, 620, 78, 860, 0, 336, 402, 201, 157, 650, 820, 580]
2024-03-08 20:40:55 [main] [compare.Test] [INFO] -  ===> 测试PSOCO算法........
2024-03-08 20:40:55 [main] [compare.Test] [INFO] - psoco.getParetoFrontPos().size(): 3
2024-03-08 20:40:55 [main] [compare.Test] [INFO] - unload_arr:[26, 19, 32, -1, 0, 4, -1, 42, 0, 35, 40, 32, -1, 0, 3, 19, -1, 0, -1, 12, 35, -1, 25, 36, -1, 20, 18, 39, 21, 0, -1, 0, 33, -1, 14, 28, -1, -1, 15, -1, -1, 15, 46, 16, 19, -1, -1, 38, -1, 40, 0, 21, -1, 0, -1, 0, 48, -1, 0, 8, -1, 15, 7, -1, 28, 23, -1, 24, 42, 2, 22, 26, 24, 3, 17, 43, 10, 42, -1, 44, 16, -1, -1, 24, 6, 16, 47, -1, 1, 30, -1, 27, 10, -1, 0, 45, -1, 34, 11, -1]
2024-03-08 20:40:55 [main] [compare.Test] [INFO] - freq_arr:[536, 284, 20, 635, 311, 503, 768, 557, 456, 308, 364, 477, 696, 665, 85, 122, 699, 104, 415, 199, 119, 141, 615, 690, 173, 481, 31, 179, 25, 202, 732, 566, 253, 572, 31, 185, 327, 411, 144, 200, 791, 195, 618, 199, 259, 290, 784, 744, 267, 27, 790, 647, 203, 384, 795, 422, 93, 403, 328, 452, 569, 369, 559, 594, 427, 309, 394, 33, 64, 513, 239, 152, 125, 528, 375, 541, 497, 183, 672, 393, 58, 658, 458, 145, 707, 485, 511, 608, 306, 277, 457, 770, 176, 799, 678, 185, 707, 310, 406, 40]
2024-03-08 20:40:55 [main] [compare.Test] [INFO] - Freq Remain Arr : [184742, 94, 494, 77, 7, 47, 450, 73, 431, 228, 780, 307, 244, 481, 590, 679, 12, 88, 475, 729, 275, 429, 178, 421, 621, 557, 265, 12, 180, 68, 630, 253, 760, 273, 627, 260, 153, 230, 750, 116, 651, 229, 690, 56, 189, 287, 575, 332, 129, 557, 820, 580]
2024-03-08 20:41:05 [main] [compare.Test] [INFO] -  ===> 测试PSOCO算法........
2024-03-08 20:41:05 [main] [compare.Test] [INFO] - psoco.getParetoFrontPos().size(): 4
2024-03-08 20:41:05 [main] [compare.Test] [INFO] - unload_arr:[-1, -1, 14, -1, -1, 0, 17, 9, 6, 18, 16, 13, -1, -1, 15, -1, -1, 46, -1, 20, 0, 7, 36, 0, -1, -1, 33, 23, 37, 0, 41, -1, 7, -1, -1, 24, -1, -1, 0, -1, -1, 33, 29, -1, -1, -1, 42, 46, -1, 47, 25, -1, -1, 39, 12, 13, 34, -1, 37, -1, -1, -1, 44, -1, 39, 0, 34, 0, 19, 7, 30, 21, 26, 2, 24, 45, -1, 0, -1, 38, 9, -1, 29, 35, -1, 16, 45, -1, 0, 0, 27, -1, 10, -1, 27, 1, -1, 0, 0, 17]
2024-03-08 20:41:05 [main] [compare.Test] [INFO] - freq_arr:[488, 126, 706, 648, 696, 88, 542, 148, 101, 126, 510, 198, 795, 689, 99, 76, 483, 190, 702, 427, 775, 112, 253, 689, 131, 404, 378, 441, 291, 542, 346, 298, 502, 361, 367, 392, 499, 239, 400, 782, 764, 251, 390, 243, 476, 263, 760, 134, 640, 572, 384, 327, 167, 331, 345, 223, 294, 461, 431, 509, 371, 405, 628, 529, 411, 164, 95, 343, 543, 108, 338, 768, 105, 556, 339, 213, 757, 704, 626, 551, 553, 478, 90, 306, 702, 165, 157, 37, 144, 593, 129, 567, 447, 296, 675, 773, 86, 339, 60, 64]
2024-03-08 20:41:05 [main] [compare.Test] [INFO] - Freq Remain Arr : [183512, 159, 27, 34, 620, 550, 450, 679, 268, 680, 79, 533, 650, 335, 169, 4, 621, 155, 244, 634, 397, 483, 82, 660, 489, 129, 496, 595, 146, 680, 150, 192, 760, 770, 251, 181, 274, 667, 28, 309, 88, 620, 344, 100, 730, 52, 390, 626, 68, 650, 820, 580]
