2024-04-30 09:12:32 ERROR [BinaryUnload_Test] - ###### ==== testBinary - RHGPCA === ######
2024-04-30 09:12:32 INFO [BinaryUnload_Test] -  ===> 测试 GA algorithm .......
2024-04-30 09:12:33 INFO [BinaryUnload_Test] -  ===> 测试PSO算法........
2024-04-30 09:12:33 WARN [BinaryUnload_Test] - ★★★★★ GA-找到的Pareto最优解: ★★★★★
2024-04-30 09:12:33 WARN [BinaryUnload_Test] - USS val: 8.735, Energy val: 76.527
2024-04-30 09:12:33 WARN [BinaryUnload_Test] - USS val: 8.737, Energy val: 78.881
2024-04-30 09:12:33 WARN [BinaryUnload_Test] - USS val: 8.736, Energy val: 77.508
2024-04-30 09:12:33 INFO [BinaryUnload_Test] - ParetoFrontGene().size() : 3
2024-04-30 09:12:33 WARN [BinaryUnload_Test] - ★★★★★ PSO后-找到的Pareto最优解: ★★★★★
2024-04-30 09:12:33 INFO [BinaryUnload_Test] - USS val: 9.694, Energy val: 750.47
2024-04-30 09:12:33 INFO [BinaryUnload_Test] - USS val: 9.745, Energy val: 909.334
2024-04-30 09:12:33 INFO [BinaryUnload_Test] - USS val: 9.439, Energy val: 692.603
2024-04-30 09:12:33 INFO [BinaryUnload_Test] - USS val: 9.596, Energy val: 740.134
2024-04-30 09:12:33 INFO [BinaryUnload_Test] - USS val: 9.587, Energy val: 709.659
2024-04-30 09:12:33 INFO [BinaryUnload_Test] - USS val: 9.896, Energy val: 1474.967
2024-04-30 09:12:33 INFO [BinaryUnload_Test] - USS val: 9.946, Energy val: 1667.532
2024-04-30 09:12:33 INFO [BinaryUnload_Test] - USS val: 9.892, Energy val: 1434.237
2024-04-30 09:12:33 INFO [BinaryUnload_Test] - USS val: 9.846, Energy val: 1154.59
2024-04-30 09:12:33 INFO [BinaryUnload_Test] - ParetoFrontPos().size() : 9
2024-04-30 09:12:33 INFO [BinaryUnload_Test] - final unload arr : 9
[15, -1, -1, -1, 0, -1, -1, 7, -1, 27, -1, -1, -1, -1, 0, -1, 33, -1, -1, -1, -1, -1, 0, 38, -1, -1, -1, 42, -1, 0, -1, -1, -1, -1, -1, -1, -1, -1, -1, -1, -1, -1, 8, -1, -1, 19, -1, -1, -1, -1, 30, -1, 25, -1, 0, -1, -1, 5, 0, -1, -1, -1, -1, -1, -1, -1, -1, -1, 46, -1, 40, 31, -1, -1, -1, -1, -1, -1, 45, 32, 41, -1, -1, -1, -1, -1, -1, 1, -1, 13, -1, 37, -1, 43, -1, -1, 12, -1, 6, 34, -1, 29, 39, -1, -1, -1, -1, -1, -1, -1, 14, -1, -1, 4, -1, -1, -1, -1, 16, -1, -1, -1, -1, -1, -1, -1, 9, -1, -1, -1, -1, -1, -1, -1, 26, -1, 28, -1, -1, 0, -1, -1, -1, -1, 36, -1, 24, -1, -1, -1, -1, 17, -1, -1, 3, -1, 47, -1, 10, -1, -1, -1, -1, 44, -1, -1, -1, -1, 0, -1, 18, 21, -1, 23, 48, -1, -1, -1, -1, 2, -1, -1, -1, -1, -1, 35, 11, -1, -1, 20, -1, -1, 22, -1, -1, -1, -1, -1, -1, -1]
2024-04-30 09:12:33 INFO [BinaryUnload_Test] - final unload arr2 : 
[15, 19, 1, 37, 4, 2, 0, 7, 21, 27, 36, 21, 7, 16, 13, 31, 33, 14, 41, 19, 16, 0, 5, 38, 44, 9, 47, 42, 11, 47, 33, 42, 42, 46, 35, 5, 47, 33, 2, 19, 36, 41, 8, 0, 43, 19, 4, 40, 18, 31, 30, 42, 25, 9, 40, 8, 17, 5, 13, 0, 3, 23, 31, 0, 0, 7, 32, 33, 46, 16, 40, 31, 12, 0, 19, 39, 0, 25, 45, 32, 41, 0, 22, 42, 15, 34, 38, 1, 25, 13, 48, 37, 48, 43, 0, 0, 12, 18, 6, 34, 12, 29, 39, 14, 36, 32, 0, 19, 17, 44, 14, 24, 22, 4, 38, 32, 43, 28, 16, 30, 39, 23, 26, 0, 18, 0, 9, 11, -1, 38, 37, 0, 12, 11, 26, 6, 28, 7, 2, 4, 2, 10, 29, 18, 36, 39, 24, 24, 0, 0, 17, 17, 27, 0, 3, 36, 47, 26, 10, 42, 29, 46, 0, 44, 28, 3, 9, 28, 0, 0, 18, 21, 24, 23, 48, 34, 43, 41, 40, 2, 8, 48, 23, 16, 39, 35, 11, 47, 6, 20, 0, 38, 22, 3, 29, 25, 0, 31, 11, 25]
2024-04-30 09:12:33 INFO [BinaryUnload_Test] - final resAlloc arr : 
[233, 489, 122, 286, 152, 129, 747, 823, 549, 282, 197, 747, 425, 198, 265, 280, 875, 239, 124, 319, 537, 741, 306, 453, 379, 438, 250, 599, 128, 221, 152, 180, 523, 535, 345, 383, 323, 723, 465, 175, 231, 311, 522, 316, 299, 377, 153, 216, 570, 685, 303, 579, 129, 686, 447, 322, 594, 255, 442, 902, 100, 760, 270, 673, 107, 696, 625, 435, 519, 395, 548, 615, 321, 873, 221, 185, 245, 232, 237, 665, 137, 456, 659, 425, 564, 303, 692, 112, 536, 468, 509, 289, 426, 644, 730, 576, 190, 461, 427, 155, 314, 230, 105, 686, 900, 222, 230, 545, 552, 143, 577, 487, 133, 339, 693, 285, 362, 377, 605, 392, 773, 276, 368, 853, 127, 950, 354, 612, 223, 789, 257, 301, 442, 310, 236, 615, 337, 334, 570, 313, 377, 958, 137, 570, 644, 727, 770, 349, 677, 438, 233, 755, 634, 750, 196, 596, 195, 518, 275, 287, 326, 894, 547, 545, 104, 532, 412, 458, 703, 808, 140, 231, 842, 583, 171, 260, 451, 107, 122, 363, 519, 161, 747, 514, 449, 375, 353, 125, 246, 268, 838, 418, 445, 376, 230, 657, 605, 669, 268, 568]
2024-04-30 09:12:33 INFO [BinaryUnload_Test] - freq remain arr : 
[235908, 2151, 688, 227, 424, 211, 195, 353, 167, 158, 426, 705, 297, 490, 122, 133, 487, 225, 95, 620, 563, 642, 619, 215, 347, 90, 751, 464, 668, 343, 400, 227, 145, 105, 5, 415, 205, 276, 461, 407, 725, 72, 553, 261, 86, 135, 523, 431, 445, 479, 820, 580]
2024-04-30 09:12:33 INFO [BinaryUnload_Test] - ******************** task cost time *******************
2024-04-30 09:12:33 INFO [BinaryUnload_Test] - taskUplink2RSUTimeList: 
[0.0, 14.42, 21.64, 7.21, 28.85, 36.06, 14.42, 0.0, 36.06, 0.0, 14.42, 21.64, 14.42, 21.64, 36.06, 36.06, 0.0, 36.06, 7.21, 36.06, 21.64, 14.42, 21.64, 0.0, 14.42, 14.42, 21.64, 0.0, 7.21, 28.85, 28.85, 28.85, 28.85, 28.85, 14.42, 14.42, 14.42, 7.21, 36.06, 28.85, 7.21, 36.06, 0.0, 28.85, 7.21, 0.0, 14.42, 28.85, 14.42, 21.64, 0.0, 7.21, 0.0, 36.06, 7.21, 28.85, 36.06, 0.0, 28.85, 7.21, 21.64, 14.42, 28.85, 28.85, 14.42, 7.21, 21.64, 28.85, 0.0, 36.06, 0.0, 0.0, 28.85, 28.85, 21.64, 28.85, 14.42, 28.85, 0.0, 0.0, 0.0, 21.64, 14.42, 28.85, 36.06, 28.85, 7.21, 0.0, 36.06, 0.0, 7.21, 0.0, 36.06, 0.0, 36.06, 7.21, 0.0, 28.85, 0.0, 0.0, 21.64, 0.0, 0.0, 36.06, 7.21, 7.21, 7.21, 14.42, 28.85, 28.85, 0.0, 7.21, 28.85, 0.0, 21.64, 36.06, 21.64, 36.06, 0.0, 14.42, 21.64, 7.21, 14.42, 36.06, 14.42, 14.42, 0.0, 7.21, 28.85, 21.64, 7.21, 7.21, 21.64, 14.42, 0.0, 28.85, 0.0, 21.64, 7.21, 21.64, 14.42, 21.64, 36.06, 21.64, 0.0, 21.64, 0.0, 28.85, 21.64, 28.85, 28.85, 0.0, 14.42, 28.85, 0.0, 21.64, 0.0, 21.64, 0.0, 21.64, 14.42, 36.06, 7.21, 0.0, 14.42, 28.85, 28.85, 7.21, 21.64, 28.85, 0.0, 0.0, 21.64, 0.0, 0.0, 21.64, 14.42, 21.64, 21.64, 0.0, 21.64, 14.42, 21.64, 7.21, 21.64, 0.0, 0.0, 21.64, 36.06, 0.0, 21.64, 14.42, 0.0, 14.42, 14.42, 21.64, 28.85, 7.21, 21.64, 7.21]
2024-04-30 09:12:33 INFO [BinaryUnload_Test] - taskCostTimeList: 
[13.68, 67.64, 562.59, 27.09, 160.43, 893.18, 49.87, 19.04, 300.14, 19.08, 97.95, 151.11, 51.9, 146.55, 413.42, 135.85, 11.97, 536.4, 31.66, 196.36, 182.52, 49.89, 70.66, 88.84, 52.47, 70.02, 310.79, 7.76, 62.66, 390.84, 120.71, 205.5, 247.35, 101.87, 76.18, 151.63, 53.38, 30.51, 333.04, 117.25, 45.24, 439.53, 8.74, 157.68, 90.48, 14.61, 112.55, 464.76, 50.7, 92.69, 198.83, 25.32, 39.03, 263.76, 9.45, 156.5, 286.34, 8.38, 74.1, 45.77, 100.79, 60.35, 390.69, 100.33, 140.65, 52.33, 75.59, 140.37, 77.61, 130.65, 18.24, 163.95, 106.85, 117.3, 342.28, 116.01, 88.01, 439.22, 22.45, 31.24, 146.25, 77.37, 62.37, 282.63, 126.85, 160.4, 52.5, 27.6, 164.63, 129.01, 25.56, 52.71, 352.73, 1.82, 152.24, 58.32, 11.06, 137.77, 188.43, 33.61, 118.56, 348.91, 39.18, 154.43, 45.82, 28.1, 45.33, 120.59, 101.64, 234.25, 174.66, 25.65, 244.77, 237.07, 75.12, 205.71, 236.54, 131.25, 34.14, 149.23, 74.67, 41.71, 155.89, 123.85, 125.93, 89.3, 3.09, 31.76, 453.13, 74.59, 43.05, 90.04, 77.58, 79.45, 255.05, 100.89, 60.43, 250.43, 25.35, 69.56, 153.29, 73.92, 300.47, 176.05, 9.12, 91.42, 26.24, 105.85, 92.95, 277.04, 111.56, 13.78, 110.28, 99.72, 128.9, 171.46, 21.59, 99.75, 145.99, 81.24, 77.87, 229.85, 25.42, 47.22, 431.81, 101.91, 142.93, 67.26, 25.9, 119.14, 429.38, 18.4, 88.61, 138.3, 30.59, 128.48, 135.88, 98.83, 193.74, 55.36, 76.57, 109.3, 151.11, 25.54, 104.2, 268.02, 12.41, 190.79, 524.49, 8.0, 88.69, 142.89, 2.51, 73.79, 221.11, 75.36, 127.45, 53.49, 81.99, 32.4]
2024-04-30 09:12:33 INFO [BinaryUnload_Test] - taskUssList: 
[10.0, 10.0, 10.0, 10.0, 10.0, 9.51, 10.0, 10.0, 10.0, 10.0, 10.0, 10.0, 10.0, 10.0, 10.0, 10.0, 10.0, 10.0, 10.0, 10.0, 10.0, 10.0, 10.0, 10.0, 10.0, 10.0, 10.0, 10.0, 10.0, 10.0, 10.0, 10.0, 10.0, 10.0, 10.0, 10.0, 10.0, 10.0, 10.0, 10.0, 10.0, 10.0, 10.0, 8.72, 10.0, 10.0, 10.0, 10.0, 10.0, 10.0, 10.0, 10.0, 10.0, 10.0, 10.0, 10.0, 0.0, 10.0, 10.0, 10.0, 10.0, 10.0, 10.0, 10.0, 10.0, 10.0, 10.0, 10.0, 10.0, 10.0, 10.0, 10.0, 10.0, 10.0, 10.0, 10.0, 10.0, 10.0, 10.0, 10.0, 10.0, 10.0, 10.0, 10.0, 10.0, 10.0, 10.0, 10.0, 10.0, 10.0, 10.0, 10.0, 10.0, 10.0, 10.0, 10.0, 10.0, 10.0, 10.0, 10.0, 10.0, 10.0, 10.0, 10.0, 10.0, 10.0, 10.0, 10.0, 10.0, 10.0, 0.0, 10.0, 10.0, 10.0, 10.0, 10.0, 10.0, 10.0, 10.0, 10.0, 10.0, 10.0, 10.0, 10.0, 10.0, 10.0, 10.0, 10.0, 0.0, 10.0, 10.0, 10.0, 10.0, 10.0, 0.0, 10.0, 10.0, 10.0, 10.0, 10.0, 10.0, 10.0, 10.0, 9.93, 10.0, 10.0, 10.0, 10.0, 10.0, 10.0, 10.0, 10.0, 10.0, 10.0, 0.0, 10.0, 10.0, 10.0, 10.0, 10.0, 10.0, 10.0, 10.0, 10.0, 0.0, 10.0, 10.0, 10.0, 10.0, 10.0, 10.0, 10.0, 10.0, 10.0, 10.0, 10.0, 10.0, 10.0, 10.0, 10.0, 10.0, 10.0, 10.0, 10.0, 10.0, 10.0, 10.0, 10.0, 0.0, 10.0, 10.0, 10.0, 10.0, 10.0, 10.0, 10.0, 10.0, 10.0, 10.0, 10.0]
2024-04-30 09:24:02 ERROR [BinaryUnload_Test] - ###### ==== testBinary - RHGPCA === ######
2024-04-30 09:24:02 INFO [BinaryUnload_Test] -  ===> 测试 GA algorithm .......
2024-04-30 09:24:03 INFO [BinaryUnload_Test] -  ===> 测试PSO算法........
2024-04-30 09:24:04 WARN [BinaryUnload_Test] - ★★★★★ GA-找到的Pareto最优解: ★★★★★
2024-04-30 09:24:04 WARN [BinaryUnload_Test] - USS val: 9.039, Energy val: 64.876
2024-04-30 09:24:04 WARN [BinaryUnload_Test] - USS val: 9.04, Energy val: 65.006
2024-04-30 09:24:04 INFO [BinaryUnload_Test] - ParetoFrontGene().size() : 2
2024-04-30 09:24:04 WARN [BinaryUnload_Test] - ★★★★★ PSO后-找到的Pareto最优解: ★★★★★
2024-04-30 09:24:04 INFO [BinaryUnload_Test] - USS val: 9.743, Energy val: 830.869
2024-04-30 09:24:04 INFO [BinaryUnload_Test] - USS val: 9.643, Energy val: 692.523
2024-04-30 09:24:04 INFO [BinaryUnload_Test] - USS val: 9.796, Energy val: 863.289
2024-04-30 09:24:04 INFO [BinaryUnload_Test] - USS val: 9.589, Energy val: 665.002
2024-04-30 09:24:04 INFO [BinaryUnload_Test] - USS val: 9.647, Energy val: 777.976
2024-04-30 09:24:04 INFO [BinaryUnload_Test] - USS val: 9.8, Energy val: 1627.733
2024-04-30 09:24:04 INFO [BinaryUnload_Test] - USS val: 9.797, Energy val: 1623.958
2024-04-30 09:24:04 INFO [BinaryUnload_Test] - ParetoFrontPos().size() : 7
2024-04-30 09:24:04 INFO [BinaryUnload_Test] - final unload arr : 7
[3, -1, 10, -1, -1, -1, -1, -1, -1, 27, -1, -1, -1, -1, -1, -1, 20, 31, 0, -1, 15, 9, 47, -1, -1, -1, -1, -1, -1, -1, -1, -1, -1, -1, -1, 44, -1, 21, 25, 38, -1, 43, -1, 37, 35, -1, -1, 13, -1, -1, -1, 5, -1, -1, -1, -1, -1, -1, -1, -1, -1, 34, 0, 7, 14, -1, 0, -1, -1, -1, -1, -1, -1, 4, -1, -1, -1, -1, -1, 23, -1, 0, -1, -1, 6, 46, -1, -1, 0, -1, -1, -1, -1, 1, -1, 26, 0, -1, 50, -1, -1, 39, -1, -1, -1, 42, 8, -1, -1, -1, 17, 12, -1, -1, 11, -1, -1, -1, -1, -1, -1, -1, 29, -1, 41, -1, -1, -1, -1, -1, 48, -1, 19, -1, -1, 0, 24, -1, -1, -1, -1, 30, -1, -1, -1, -1, 28, 18, 32, -1, -1, -1, -1, 0, -1, 0, -1, -1, 22, -1, -1, 0, 40, 36, -1, -1, -1, -1, -1, -1, -1, 16, -1, -1, -1, -1, -1, -1, 33, -1, -1, -1, -1, -1, 2, -1, 45, -1, -1, -1, -1, -1, -1, -1, -1, -1, -1, -1, -1, -1]
2024-04-30 09:24:04 INFO [BinaryUnload_Test] - final unload arr2 : 
[3, 21, 10, 23, 14, 23, 21, 10, 11, 27, 35, 15, 23, 0, 1, 36, 20, 31, 5, 2, 15, 9, 47, 0, 38, 6, 21, 28, 10, 0, 0, 0, 37, 47, 14, 44, 44, 4, 25, 38, 17, 43, 38, 37, 35, 47, 7, 13, 15, 40, 3, 5, 28, 15, 0, 26, 37, 17, 27, 0, 15, 34, 37, 7, 14, 10, 0, 22, 0, 24, 28, 23, 46, 4, 40, 0, 17, 39, 18, 23, 12, 15, 0, 45, 6, 46, 22, 6, 27, 31, 21, 28, 42, 1, 39, 26, 26, 32, 4, 33, 0, 39, 1, 16, 44, 42, 8, 25, 0, 19, 17, 12, 25, 24, 11, 20, 30, 21, 7, 29, 25, 32, 29, 46, 41, 8, 48, 47, 39, 22, 48, 17, 19, 0, 29, 34, 24, 43, 19, 8, 0, 30, 0, 9, 3, 0, 28, 18, 32, 21, 0, 12, 14, 30, 11, 5, 31, 19, 22, 36, 11, 2, 40, 36, 25, 26, 24, 18, 15, 23, 0, 16, 12, 18, 36, 0, 44, 22, 33, 0, 36, 45, 31, 9, 2, 32, 45, 0, 14, 7, 0, 35, 9, 10, 0, 36, 8, 34, 6, 35]
2024-04-30 09:24:04 INFO [BinaryUnload_Test] - final resAlloc arr : 
[297, 504, 958, 793, 628, 247, 579, 659, 596, 405, 311, 181, 644, 630, 671, 417, 693, 110, 265, 434, 349, 552, 299, 801, 195, 228, 198, 451, 751, 100, 464, 466, 689, 638, 623, 465, 477, 212, 716, 165, 180, 313, 555, 219, 494, 223, 591, 219, 209, 549, 413, 176, 583, 643, 291, 284, 263, 154, 450, 366, 502, 388, 466, 646, 102, 137, 600, 340, 936, 534, 328, 350, 561, 230, 319, 253, 592, 245, 520, 704, 618, 254, 842, 402, 497, 741, 371, 693, 552, 691, 679, 520, 856, 218, 776, 253, 396, 759, 509, 675, 350, 678, 261, 725, 420, 420, 196, 663, 843, 537, 754, 411, 841, 308, 148, 271, 417, 699, 462, 345, 264, 695, 292, 244, 606, 101, 522, 122, 468, 472, 124, 744, 609, 728, 379, 500, 175, 685, 896, 660, 229, 223, 621, 157, 282, 517, 541, 412, 333, 493, 803, 669, 579, 164, 282, 379, 172, 446, 111, 744, 504, 216, 436, 655, 436, 689, 278, 554, 123, 729, 114, 319, 597, 397, 813, 355, 281, 408, 820, 288, 692, 264, 282, 117, 245, 384, 164, 499, 525, 497, 593, 193, 608, 941, 328, 460, 198, 115, 311, 509]
2024-04-30 09:24:04 INFO [BinaryUnload_Test] - freq remain arr : 
[233174, 1208, 582, 345, 323, 320, 274, 283, 344, 484, 228, 22, 502, 269, 371, 608, 371, 511, 96, 348, 331, 217, 638, 549, 226, 685, 164, 447, 545, 139, 338, 307, 650, 437, 60, 182, 86, 265, 531, 695, 152, 184, 84, 440, 417, 215, 596, 209, 341, 526, 820, 71]
2024-04-30 09:24:04 INFO [BinaryUnload_Test] - ******************** task cost time *******************
2024-04-30 09:24:04 INFO [BinaryUnload_Test] - taskUplink2RSUTimeList: 
[0.0, 14.42, 0.0, 7.21, 28.85, 36.06, 14.42, 21.64, 36.06, 0.0, 14.42, 21.64, 14.42, 21.64, 36.06, 36.06, 0.0, 0.0, 7.21, 36.06, 0.0, 0.0, 0.0, 14.42, 14.42, 14.42, 21.64, 28.85, 7.21, 28.85, 28.85, 28.85, 28.85, 28.85, 14.42, 0.0, 14.42, 0.0, 0.0, 0.0, 7.21, 0.0, 28.85, 0.0, 0.0, 36.06, 14.42, 0.0, 14.42, 21.64, 21.64, 0.0, 7.21, 36.06, 7.21, 28.85, 36.06, 14.42, 28.85, 7.21, 21.64, 0.0, 28.85, 0.0, 0.0, 7.21, 21.64, 28.85, 14.42, 36.06, 14.42, 36.06, 28.85, 0.0, 21.64, 28.85, 14.42, 28.85, 36.06, 0.0, 7.21, 21.64, 14.42, 28.85, 0.0, 0.0, 7.21, 21.64, 36.06, 21.64, 7.21, 21.64, 36.06, 0.0, 36.06, 0.0, 14.42, 28.85, 0.0, 36.06, 21.64, 0.0, 28.85, 36.06, 7.21, 0.0, 0.0, 14.42, 28.85, 28.85, 0.0, 0.0, 28.85, 28.85, 0.0, 36.06, 21.64, 36.06, 28.85, 14.42, 21.64, 7.21, 0.0, 36.06, 0.0, 14.42, 7.21, 7.21, 28.85, 21.64, 0.0, 7.21, 0.0, 14.42, 21.64, 28.85, 0.0, 21.64, 7.21, 21.64, 14.42, 0.0, 36.06, 21.64, 36.06, 21.64, 0.0, 0.0, 0.0, 28.85, 28.85, 14.42, 14.42, 28.85, 36.06, 21.64, 28.85, 21.64, 0.0, 21.64, 14.42, 36.06, 0.0, 0.0, 14.42, 28.85, 28.85, 7.21, 21.64, 28.85, 21.64, 0.0, 21.64, 28.85, 36.06, 21.64, 14.42, 21.64, 0.0, 7.21, 21.64, 14.42, 21.64, 7.21, 0.0, 36.06, 0.0, 21.64, 36.06, 14.42, 21.64, 14.42, 7.21, 14.42, 14.42, 21.64, 28.85, 7.21, 21.64, 7.21]
2024-04-30 09:24:04 INFO [BinaryUnload_Test] - taskCostTimeList: 
[10.91, 67.03, 63.44, 24.85, 126.24, 522.85, 50.65, 93.55, 285.77, 13.7, 79.35, 402.28, 50.3, 94.6, 267.02, 129.98, 14.97, 910.44, 10.98, 175.59, 172.73, 4.16, 50.98, 97.13, 57.45, 91.05, 373.82, 103.26, 30.25, 894.39, 103.01, 137.31, 210.5, 100.66, 63.24, 86.56, 51.39, 23.85, 141.02, 25.32, 51.37, 320.84, 101.6, 92.4, 40.75, 140.41, 64.11, 365.29, 56.76, 98.11, 216.07, 5.95, 32.17, 273.51, 27.03, 164.81, 498.22, 60.18, 138.83, 78.24, 76.77, 26.31, 200.52, 7.27, 98.58, 169.58, 26.64, 153.21, 89.93, 127.35, 77.68, 403.7, 101.52, 88.04, 258.88, 110.2, 64.08, 420.92, 127.6, 29.49, 55.96, 33.45, 59.07, 293.39, 11.41, 28.07, 77.5, 75.12, 81.35, 157.62, 25.07, 99.64, 234.81, 4.85, 150.21, 79.34, 19.47, 120.74, 158.25, 125.4, 113.65, 119.07, 109.72, 152.47, 71.21, 2.65, 25.78, 107.52, 99.13, 131.63, 133.98, 2.7, 118.17, 354.13, 21.08, 210.24, 214.68, 125.14, 137.68, 163.13, 82.15, 30.79, 137.52, 138.48, 17.04, 443.23, 25.51, 64.58, 265.33, 77.15, 40.59, 50.48, 5.74, 60.93, 229.1, 36.85, 115.37, 158.38, 24.71, 93.52, 221.86, 14.26, 158.25, 452.96, 135.72, 99.8, 37.24, 10.79, 45.85, 256.66, 99.37, 62.14, 116.28, 53.24, 206.64, 179.95, 117.65, 104.42, 360.9, 74.82, 67.03, 499.03, 2.56, 39.52, 138.94, 100.2, 166.33, 59.69, 95.18, 121.82, 597.11, 13.62, 95.92, 295.9, 124.14, 113.04, 189.54, 78.14, 19.1, 93.04, 75.13, 85.07, 283.56, 32.14, 62.03, 378.41, 25.47, 100.85, 308.46, 51.22, 96.09, 254.45, 25.24, 57.82, 169.14, 77.31, 195.4, 197.51, 80.44, 33.42]
2024-04-30 09:24:04 INFO [BinaryUnload_Test] - taskUssList: 
[10.0, 10.0, 10.0, 10.0, 10.0, 10.0, 10.0, 10.0, 10.0, 10.0, 10.0, 10.0, 10.0, 10.0, 10.0, 10.0, 10.0, 10.0, 10.0, 10.0, 10.0, 10.0, 10.0, 10.0, 10.0, 10.0, 10.0, 10.0, 10.0, 10.0, 10.0, 10.0, 10.0, 10.0, 10.0, 10.0, 10.0, 10.0, 10.0, 10.0, 10.0, 10.0, 10.0, 9.73, 10.0, 10.0, 10.0, 10.0, 10.0, 10.0, 10.0, 10.0, 10.0, 10.0, 10.0, 10.0, 0.0, 10.0, 10.0, 9.94, 10.0, 10.0, 10.0, 10.0, 10.0, 10.0, 10.0, 10.0, 10.0, 10.0, 10.0, 0.0, 10.0, 10.0, 10.0, 10.0, 10.0, 10.0, 10.0, 10.0, 10.0, 10.0, 10.0, 10.0, 10.0, 10.0, 10.0, 10.0, 10.0, 10.0, 10.0, 10.0, 10.0, 10.0, 10.0, 10.0, 10.0, 10.0, 10.0, 10.0, 10.0, 10.0, 0.0, 10.0, 10.0, 10.0, 10.0, 10.0, 10.0, 10.0, 10.0, 10.0, 10.0, 10.0, 10.0, 10.0, 10.0, 10.0, 10.0, 10.0, 10.0, 10.0, 10.0, 10.0, 10.0, 10.0, 10.0, 10.0, 10.0, 10.0, 10.0, 10.0, 10.0, 10.0, 0.0, 10.0, 10.0, 10.0, 10.0, 10.0, 10.0, 10.0, 10.0, 8.51, 9.29, 10.0, 10.0, 10.0, 10.0, 10.0, 10.0, 10.0, 10.0, 10.0, 0.0, 10.0, 10.0, 10.0, 0.0, 10.0, 10.0, 10.0, 10.0, 10.0, 10.0, 10.0, 10.0, 10.0, 10.0, 10.0, 10.0, 10.0, 10.0, 10.0, 0.0, 10.0, 10.0, 10.0, 10.0, 10.0, 10.0, 10.0, 0.0, 10.0, 10.0, 0.0, 10.0, 10.0, 10.0, 10.0, 10.0, 10.0, 10.0, 10.0, 10.0, 10.0, 10.0, 10.0, 10.0, 10.0]
