2024-03-09 11:06:10 [main] [BinaryUnload_Test] [WARN] - ###### ==== testBinary - RHGPCA - 2 === ######
2024-03-09 11:06:11 [main] [BinaryUnload_Test] [INFO] - Init Freq Remain: 
[200000, 5000, 800, 590, 620, 550, 450, 780, 990, 680, 780, 980, 650, 680, 590, 710, 720, 830, 850, 760, 940, 910, 850, 660, 930, 860, 880, 700, 950, 680, 630, 530, 760, 770, 880, 570, 580, 920, 750, 860, 830, 620, 690, 860, 730, 680, 760, 950, 640, 650, 820, 580]
2024-03-09 11:06:21 [main] [BinaryUnload_Test] [INFO] - ★★★★★ PSO后-找到的Pareto最优解: ★★★★★
2024-03-09 11:06:21 [main] [BinaryUnload_Test] [INFO] - USS val: 3.945, Energy val: 19.686
2024-03-09 11:06:21 [main] [BinaryUnload_Test] [INFO] - USS val: 3.955, Energy val: 29.547
2024-03-09 11:06:21 [main] [BinaryUnload_Test] [INFO] - USS val: 3.952, Energy val: 24.143
2024-03-09 11:06:21 [main] [BinaryUnload_Test] [INFO] - USS val: 3.949, Energy val: 23.451
2024-03-09 11:06:21 [main] [BinaryUnload_Test] [INFO] - USS val: 3.459, Energy val: 6.561
2024-03-09 11:06:21 [main] [BinaryUnload_Test] [INFO] - USS val: 3.638, Energy val: 18.334
2024-03-09 11:06:21 [main] [BinaryUnload_Test] [INFO] - USS val: 3.61, Energy val: 7.341
2024-03-09 11:06:21 [main] [BinaryUnload_Test] [INFO] - USS val: 3.633, Energy val: 12.136
2024-03-09 11:06:21 [main] [BinaryUnload_Test] [INFO] - USS val: 3.508, Energy val: 7.081
2024-03-09 11:06:21 [main] [BinaryUnload_Test] [INFO] - USS val: 3.62, Energy val: 11.337
2024-03-09 11:06:21 [main] [BinaryUnload_Test] [INFO] - USS val: 3.666, Energy val: 19.189
2024-03-09 11:06:21 [main] [BinaryUnload_Test] [INFO] - USS val: 3.637, Energy val: 15.758
2024-03-09 11:06:21 [main] [BinaryUnload_Test] [INFO] - ParetoFrontPos().size() : 12
2024-03-09 11:06:21 [main] [BinaryUnload_Test] [INFO] - final unload arr : 12
[-1, -1, 3, -1, -1, 2, 13, -1, 20, 14, -1, 0, -1, -1, 35, -1, 48, 32, 18, 9, 43, 11, -1, 0, -1, 21, 0, -1, -1, 12, -1, 46, 0, -1, -1, 27, -1, 24, 44, -1, -1, 10, 15, 0, 37, -1, -1, 6, -1, -1, 23, -1, -1, 0, -1, 0, 29, 46, 1, 0, -1, 0, 5, -1, 45, 0, -1, 28, 0, -1, -1, 19, 47, 42, 34, 26, 7, 4, 16, 8, 22, -1, -1, 31, 25, 33, 0, 0, 39, 38, -1, -1, 17, -1, 7, 40, 30, 0, 41, -1]
2024-03-09 11:06:21 [main] [BinaryUnload_Test] [INFO] - final unload arr2 : 
[]
2024-03-09 11:06:21 [main] [BinaryUnload_Test] [INFO] - final resAlloc arr : 
[364, 100, 500, 500, 100, 137, 355, 100, 200, 100, 500, 150, 100, 263, 100, 417, 500, 100, 500, 100, 500, 100, 105, 133, 100, 100, 440, 100, 491, 427, 396, 274, 100, 100, 464, 417, 500, 439, 100, 100, 100, 292, 159, 100, 254, 465, 422, 100, 362, 100, 100, 100, 100, 100, 374, 500, 100, 200, 126, 100, 429, 428, 100, 500, 177, 220, 100, 100, 100, 346, 100, 287, 220, 100, 264, 100, 160, 100, 444, 143, 267, 308, 100, 100, 109, 100, 190, 362, 100, 183, 427, 211, 289, 318, 100, 132, 133, 155, 251, 100]
2024-03-09 11:06:21 [main] [BinaryUnload_Test] [INFO] - freq remain arr : 
[190238, 1922, 674, 453, 120, 450, 350, 680, 730, 537, 680, 688, 550, 253, 235, 610, 561, 386, 561, 260, 653, 710, 750, 393, 830, 421, 771, 600, 533, 580, 530, 397, 660, 670, 780, 306, 480, 920, 496, 677, 730, 488, 439, 760, 230, 580, 583, 476, 420, 150, 820, 580]
2024-03-09 11:06:21 [main] [BinaryUnload_Test] [INFO] - ******************** task cost time *******************
2024-03-09 11:06:21 [main] [BinaryUnload_Test] [INFO] - taskUplink2RSUTimeList: 
[228.67, 114.21, 0.0, 84.07, 201.67, 0.0, 0.0, 166.17, 0.0, 0.0, 191.93, 167.85, 130.33, 183.37, 0.0, 389.05, 0.0, 0.0, 0.0, 0.0, 0.0, 0.0, 199.19, 173.77, 124.17, 0.0, 229.04, 215.79, 58.25, 0.0, 271.37, 0.0, 240.46, 310.14, 112.72, 0.0, 142.51, 0.0, 0.0, 207.76, 51.58, 0.0, 0.0, 244.9, 0.0, 387.57, 127.71, 0.0, 119.19, 189.5, 0.0, 76.54, 76.4, 411.26, 85.91, 283.26, 0.0, 0.0, 0.0, 81.09, 236.17, 103.6, 0.0, 291.14, 0.0, 57.07, 174.6, 0.0, 103.98, 282.17, 146.08, 0.0, 0.0, 0.0, 0.0, 0.0, 0.0, 0.0, 0.0, 0.0, 0.0, 249.3, 184.36, 0.0, 0.0, 0.0, 74.81, 158.14, 0.0, 0.0, 61.13, 168.26, 0.0, 72.75, 0.0, 0.0, 0.0, 232.43, 0.0, 295.73]
2024-03-09 11:06:21 [main] [BinaryUnload_Test] [INFO] - taskCostTimeList: 
[636.94, 540.87, 120.0, 242.58, 1070.37, 729.92, 5.63, 772.56, 500.0, 50.0, 471.68, 651.27, 460.81, 659.84, 1000.0, 1005.53, 20.0, 1000.0, 2.0, 250.0, 120.0, 20.0, 792.32, 457.67, 485.3, 100.0, 325.5, 857.82, 248.5, 187.35, 816.83, 72.99, 1068.29, 1001.35, 429.61, 95.92, 397.02, 11.38, 1000.0, 847.8, 265.36, 342.46, 25.15, 568.39, 78.74, 1035.86, 479.84, 800.0, 396.05, 761.74, 600.0, 208.56, 290.91, 1372.19, 209.24, 272.51, 1000.0, 10.0, 158.73, 254.55, 728.15, 215.39, 800.0, 866.72, 56.49, 164.73, 619.24, 200.0, 572.9, 1193.97, 490.72, 348.43, 18.18, 200.0, 227.27, 40.0, 62.5, 800.0, 11.26, 139.86, 74.9, 726.3, 502.59, 800.0, 45.87, 200.0, 195.86, 274.55, 250.0, 327.86, 197.14, 736.82, 346.02, 229.95, 250.0, 151.51, 15.03, 434.91, 318.72, 1246.72]
2024-03-09 11:06:21 [main] [BinaryUnload_Test] [INFO] - taskUssList: 
[0.0, 3.29, 4.0, 4.0, 3.48, 4.0, 4.0, 4.0, 4.0, 4.0, 0.0, 4.0, 3.95, 3.76, 3.98, 0.0, 4.0, 3.91, 4.0, 4.0, 3.99, 4.0, 3.7, 4.0, 4.0, 4.0, 4.0, 3.67, 4.0, 4.0, 0.0, 4.0, 3.91, 0.0, 4.0, 4.0, 3.94, 4.0, 4.0, 3.88, 3.93, 4.0, 4.0, 2.5, 4.0, 4.0, 3.21, 4.0, 4.0, 3.92, 3.86, 4.0, 4.0, 3.5, 4.0, 4.0, 0.0, 4.0, 4.0, 3.63, 4.0, 4.0, 3.99, 3.74, 4.0, 4.0, 3.99, 4.0, 4.0, 3.63, 4.0, 4.0, 4.0, 4.0, 4.0, 4.0, 4.0, 3.87, 4.0, 4.0, 4.0, 3.97, 0.0, 4.0, 4.0, 4.0, 4.0, 4.0, 4.0, 4.0, 4.0, 0.0, 3.91, 4.0, 4.0, 3.95, 4.0, 4.0, 4.0, 3.97]
2024-03-09 12:54:38 [main] [BinaryUnload_Test] [WARN] - ###### ==== testBinary - RHGPCA - 2 === ######
2024-03-09 12:54:39 [main] [BinaryUnload_Test] [INFO] - Init Freq Remain: 
[200000, 5000, 800, 590, 620, 550, 450, 780, 990, 680, 780, 980, 650, 680, 590, 710, 720, 830, 850, 760, 940, 910, 850, 660, 930, 860, 880, 700, 950, 680, 630, 530, 760, 770, 880, 570, 580, 920, 750, 860, 830, 620, 690, 860, 730, 680, 760, 950, 640, 650, 820, 580]
2024-03-09 12:54:49 [main] [BinaryUnload_Test] [INFO] - ★★★★★ PSO后-找到的Pareto最优解: ★★★★★
2024-03-09 12:54:49 [main] [BinaryUnload_Test] [INFO] - USS val: 3.947, Energy val: 23.926
2024-03-09 12:54:49 [main] [BinaryUnload_Test] [INFO] - USS val: 3.828, Energy val: 21.395
2024-03-09 12:54:49 [main] [BinaryUnload_Test] [INFO] - USS val: 3.585, Energy val: 7.589
2024-03-09 12:54:49 [main] [BinaryUnload_Test] [INFO] - USS val: 3.551, Energy val: 7.374
2024-03-09 12:54:49 [main] [BinaryUnload_Test] [INFO] - USS val: 3.625, Energy val: 10.392
2024-03-09 12:54:49 [main] [BinaryUnload_Test] [INFO] - USS val: 3.624, Energy val: 9.491
2024-03-09 12:54:49 [main] [BinaryUnload_Test] [INFO] - USS val: 3.598, Energy val: 8.552
2024-03-09 12:54:49 [main] [BinaryUnload_Test] [INFO] - USS val: 3.673, Energy val: 10.98
2024-03-09 12:54:49 [main] [BinaryUnload_Test] [INFO] - ParetoFrontPos().size() : 8
2024-03-09 12:54:49 [main] [BinaryUnload_Test] [INFO] - final unload arr : 8
[-1, 21, 28, -1, 17, 36, -1, 44, 47, 48, 0, 24, -1, -1, 29, 12, -1, 40, -1, 0, 38, -1, -1, 0, -1, 27, 30, -1, -1, 23, -1, 20, 33, 18, -1, 31, -1, -1, 2, 0, -1, 42, 26, 32, 9, -1, -1, 26, -1, 25, 45, -1, -1, 0, -1, 0, 7, -1, 25, 14, -1, -1, 0, -1, 41, 27, -1, 0, 0, 39, 31, 9, -1, 10, 8, 16, 36, 17, 4, 0, 46, -1, 19, 13, 0, 0, 35, -1, 33, 11, -1, 0, 37, -1, 22, 0, -1, 34, 0, -1]
2024-03-09 12:54:49 [main] [BinaryUnload_Test] [INFO] - final unload arr2 : 
[]
2024-03-09 12:54:49 [main] [BinaryUnload_Test] [INFO] - final resAlloc arr : 
[500, 500, 100, 100, 100, 100, 100, 100, 100, 100, 325, 100, 100, 100, 100, 500, 100, 100, 100, 100, 284, 100, 100, 100, 500, 263, 194, 500, 342, 100, 433, 500, 100, 100, 121, 100, 100, 100, 218, 100, 500, 100, 100, 100, 100, 491, 500, 100, 500, 223, 100, 100, 500, 231, 500, 100, 100, 500, 100, 500, 455, 100, 100, 100, 100, 223, 100, 399, 100, 500, 129, 273, 100, 140, 100, 100, 500, 100, 118, 100, 100, 500, 500, 114, 500, 128, 100, 100, 333, 500, 100, 100, 100, 500, 100, 500, 500, 100, 100, 100]
2024-03-09 12:54:49 [main] [BinaryUnload_Test] [INFO] - freq remain arr : 
[190358, 2017, 800, 372, 620, 432, 450, 780, 890, 580, 407, 840, 150, 180, 476, 210, 720, 730, 650, 660, 440, 410, 350, 560, 830, 760, 557, 500, 464, 580, 530, 336, 531, 670, 447, 470, 480, 320, 650, 576, 330, 520, 590, 760, 730, 580, 660, 850, 540, 550, 820, 580]
2024-03-09 12:54:49 [main] [BinaryUnload_Test] [INFO] - ******************** task cost time *******************
2024-03-09 12:54:49 [main] [BinaryUnload_Test] [INFO] - taskUplink2RSUTimeList: 
[162.53, 0.0, 0.0, 86.16, 0.0, 0.0, 149.73, 0.0, 0.0, 0.0, 159.06, 0.0, 140.29, 176.24, 0.0, 0.0, 109.02, 0.0, 78.27, 403.54, 0.0, 100.65, 221.77, 126.18, 162.95, 0.0, 0.0, 371.5, 54.68, 0.0, 251.02, 0.0, 0.0, 0.0, 115.02, 0.0, 141.65, 69.19, 0.0, 240.86, 96.27, 0.0, 0.0, 0.0, 0.0, 268.25, 130.83, 0.0, 147.76, 0.0, 0.0, 54.47, 50.35, 429.83, 70.24, 202.47, 0.0, 100.23, 0.0, 0.0, 156.99, 139.56, 200.06, 213.19, 0.0, 0.0, 229.41, 342.97, 117.07, 0.0, 0.0, 0.0, 223.58, 0.0, 0.0, 0.0, 0.0, 0.0, 0.0, 267.23, 0.0, 246.85, 0.0, 0.0, 318.0, 322.63, 0.0, 175.9, 0.0, 0.0, 60.79, 183.42, 0.0, 63.5, 0.0, 59.88, 118.16, 0.0, 216.07, 383.46]
2024-03-09 12:54:49 [main] [BinaryUnload_Test] [INFO] - taskCostTimeList: 
[652.45, 20.0, 600.0, 211.48, 200.0, 1000.0, 497.56, 150.0, 1000.0, 50.0, 145.42, 600.0, 503.07, 796.11, 1000.0, 10.0, 493.02, 1000.0, 210.91, 564.0, 211.26, 442.03, 795.75, 580.81, 408.59, 38.02, 309.27, 832.41, 210.4, 800.0, 792.23, 40.0, 800.0, 40.0, 527.62, 400.0, 493.21, 261.3, 458.71, 271.93, 214.01, 1000.0, 40.0, 200.0, 200.0, 1008.96, 478.95, 800.0, 431.13, 67.26, 600.0, 254.13, 208.43, 775.6, 202.32, 523.96, 1000.0, 393.74, 200.0, 40.0, 592.66, 498.95, 1090.36, 843.54, 100.0, 89.68, 690.62, 295.33, 507.2, 10.0, 77.51, 366.3, 894.63, 142.85, 600.0, 40.0, 20.0, 800.0, 42.37, 553.48, 200.0, 657.2, 20.0, 701.75, 424.56, 466.99, 200.0, 616.39, 75.07, 120.0, 220.75, 332.53, 1000.0, 237.9, 250.0, 109.62, 395.93, 200.0, 1004.5, 1197.22]
2024-03-09 12:54:49 [main] [BinaryUnload_Test] [INFO] - taskUssList: 
[0.0, 4.0, 4.0, 4.0, 4.0, 4.0, 4.0, 4.0, 3.7, 4.0, 4.0, 4.0, 4.0, 3.53, 3.98, 4.0, 4.0, 3.91, 3.67, 4.0, 3.96, 4.0, 3.61, 4.0, 4.0, 4.0, 4.0, 3.56, 4.0, 4.0, 0.0, 4.0, 3.98, 4.0, 4.0, 4.0, 3.92, 3.98, 4.0, 4.0, 4.0, 3.96, 4.0, 3.77, 4.0, 3.98, 3.17, 4.0, 4.0, 4.0, 3.86, 4.0, 4.0, 4.0, 4.0, 4.0, 0.0, 0.0, 4.0, 4.0, 4.0, 3.8, 3.89, 3.76, 4.0, 4.0, 4.0, 4.0, 4.0, 4.0, 4.0, 4.0, 0.0, 4.0, 4.0, 4.0, 4.0, 3.87, 4.0, 3.87, 4.0, 3.99, 4.0, 4.0, 4.0, 4.0, 4.0, 0.0, 4.0, 4.0, 4.0, 4.0, 0.0, 4.0, 4.0, 4.0, 4.0, 4.0, 3.3, 3.97]
